{"/home/fred/Dropbox/Courses/CSC591/TestGeneration/test.js":{"path":"/home/fred/Dropbox/Courses/CSC591/TestGeneration/test.js","s":{"1":1,"2":1,"3":1,"4":1,"5":1,"6":1,"7":1,"8":1,"9":1,"10":1,"11":1,"12":1,"13":1,"14":1,"15":1,"16":1,"17":1,"18":1,"19":1,"20":1,"21":1,"22":1,"23":1,"24":1,"25":1,"26":1,"27":1,"28":1,"29":1,"30":1,"31":1,"32":1,"33":1,"34":1,"35":1,"36":1,"37":1,"38":1,"39":1,"40":1,"41":1,"42":1,"43":1,"44":1,"45":1,"46":1,"47":1,"48":1,"49":1,"50":1,"51":1,"52":1,"53":1,"54":1,"55":1,"56":1,"57":1,"58":1},"b":{},"f":{},"fnMap":{},"statementMap":{"1":{"start":{"line":1,"column":0},"end":{"line":1,"column":37}},"2":{"start":{"line":2,"column":0},"end":{"line":2,"column":30}},"3":{"start":{"line":3,"column":0},"end":{"line":3,"column":27}},"4":{"start":{"line":4,"column":0},"end":{"line":4,"column":18}},"5":{"start":{"line":5,"column":0},"end":{"line":5,"column":68}},"6":{"start":{"line":6,"column":1},"end":{"line":6,"column":57}},"7":{"start":{"line":7,"column":0},"end":{"line":7,"column":15}},"8":{"start":{"line":8,"column":0},"end":{"line":8,"column":68}},"9":{"start":{"line":9,"column":1},"end":{"line":9,"column":57}},"10":{"start":{"line":10,"column":0},"end":{"line":10,"column":15}},"11":{"start":{"line":11,"column":0},"end":{"line":11,"column":56}},"12":{"start":{"line":12,"column":1},"end":{"line":12,"column":57}},"13":{"start":{"line":13,"column":0},"end":{"line":13,"column":15}},"14":{"start":{"line":14,"column":0},"end":{"line":14,"column":29}},"15":{"start":{"line":15,"column":1},"end":{"line":15,"column":57}},"16":{"start":{"line":16,"column":0},"end":{"line":16,"column":15}},"17":{"start":{"line":17,"column":0},"end":{"line":17,"column":47}},"18":{"start":{"line":18,"column":1},"end":{"line":18,"column":57}},"19":{"start":{"line":19,"column":0},"end":{"line":19,"column":15}},"20":{"start":{"line":20,"column":0},"end":{"line":20,"column":56}},"21":{"start":{"line":21,"column":1},"end":{"line":21,"column":57}},"22":{"start":{"line":22,"column":0},"end":{"line":22,"column":15}},"23":{"start":{"line":23,"column":0},"end":{"line":23,"column":35}},"24":{"start":{"line":24,"column":1},"end":{"line":24,"column":57}},"25":{"start":{"line":25,"column":0},"end":{"line":25,"column":15}},"26":{"start":{"line":26,"column":0},"end":{"line":26,"column":35}},"27":{"start":{"line":27,"column":1},"end":{"line":27,"column":57}},"28":{"start":{"line":28,"column":0},"end":{"line":28,"column":15}},"29":{"start":{"line":29,"column":0},"end":{"line":29,"column":68}},"30":{"start":{"line":30,"column":1},"end":{"line":30,"column":57}},"31":{"start":{"line":31,"column":0},"end":{"line":31,"column":15}},"32":{"start":{"line":32,"column":0},"end":{"line":32,"column":68}},"33":{"start":{"line":33,"column":1},"end":{"line":33,"column":57}},"34":{"start":{"line":34,"column":0},"end":{"line":34,"column":15}},"35":{"start":{"line":35,"column":0},"end":{"line":35,"column":56}},"36":{"start":{"line":36,"column":1},"end":{"line":36,"column":57}},"37":{"start":{"line":37,"column":0},"end":{"line":37,"column":15}},"38":{"start":{"line":38,"column":0},"end":{"line":38,"column":29}},"39":{"start":{"line":39,"column":1},"end":{"line":39,"column":57}},"40":{"start":{"line":40,"column":0},"end":{"line":40,"column":15}},"41":{"start":{"line":41,"column":0},"end":{"line":41,"column":47}},"42":{"start":{"line":42,"column":1},"end":{"line":42,"column":57}},"43":{"start":{"line":43,"column":0},"end":{"line":43,"column":15}},"44":{"start":{"line":44,"column":0},"end":{"line":44,"column":56}},"45":{"start":{"line":45,"column":1},"end":{"line":45,"column":57}},"46":{"start":{"line":46,"column":0},"end":{"line":46,"column":15}},"47":{"start":{"line":47,"column":0},"end":{"line":47,"column":35}},"48":{"start":{"line":48,"column":1},"end":{"line":48,"column":57}},"49":{"start":{"line":49,"column":0},"end":{"line":49,"column":15}},"50":{"start":{"line":50,"column":0},"end":{"line":50,"column":35}},"51":{"start":{"line":51,"column":1},"end":{"line":51,"column":57}},"52":{"start":{"line":52,"column":0},"end":{"line":52,"column":15}},"53":{"start":{"line":53,"column":0},"end":{"line":53,"column":22}},"54":{"start":{"line":54,"column":0},"end":{"line":54,"column":22}},"55":{"start":{"line":55,"column":0},"end":{"line":55,"column":42}},"56":{"start":{"line":56,"column":0},"end":{"line":56,"column":41}},"57":{"start":{"line":57,"column":0},"end":{"line":57,"column":38}},"58":{"start":{"line":58,"column":0},"end":{"line":58,"column":38}}},"branchMap":{}},"/home/fred/Dropbox/Courses/CSC591/TestGeneration/subject.js":{"path":"/home/fred/Dropbox/Courses/CSC591/TestGeneration/subject.js","s":{"1":1,"2":1,"3":2,"4":1,"5":2,"6":1,"7":2,"8":1,"9":16,"10":6,"11":10,"12":8,"13":8,"14":4,"15":4,"16":1,"17":5,"18":1,"19":4,"20":3,"21":4,"22":20,"23":4,"24":1,"25":2,"26":2,"27":2,"28":1,"29":1,"30":1,"31":1,"32":1,"33":1,"34":1},"b":{"1":[1,1],"2":[1,1],"3":[6,10],"4":[8,2],"5":[4,4],"6":[3,1],"7":[4,2],"8":[1,1]},"f":{"1":2,"2":16,"3":5,"4":4,"5":2},"fnMap":{"1":{"name":"inc","line":3,"loc":{"start":{"line":3,"column":0},"end":{"line":3,"column":18}}},"2":{"name":"fileTest","line":15,"loc":{"start":{"line":15,"column":0},"end":{"line":16,"column":0}}},"3":{"name":"normalize","line":32,"loc":{"start":{"line":32,"column":0},"end":{"line":32,"column":32}}},"4":{"name":"format","line":41,"loc":{"start":{"line":41,"column":0},"end":{"line":42,"column":0}}},"5":{"name":"blackListNumber","line":56,"loc":{"start":{"line":56,"column":0},"end":{"line":57,"column":0}}}},"statementMap":{"1":{"start":{"line":1,"column":0},"end":{"line":1,"column":23}},"2":{"start":{"line":3,"column":0},"end":{"line":12,"column":1}},"3":{"start":{"line":4,"column":3},"end":{"line":4,"column":26}},"4":{"start":{"line":4,"column":21},"end":{"line":4,"column":26}},"5":{"start":{"line":6,"column":3},"end":{"line":9,"column":4}},"6":{"start":{"line":8,"column":4},"end":{"line":8,"column":11}},"7":{"start":{"line":11,"column":4},"end":{"line":11,"column":19}},"8":{"start":{"line":15,"column":0},"end":{"line":30,"column":1}},"9":{"start":{"line":17,"column":1},"end":{"line":19,"column":2}},"10":{"start":{"line":18,"column":4},"end":{"line":18,"column":17}},"11":{"start":{"line":21,"column":3},"end":{"line":29,"column":2}},"12":{"start":{"line":23,"column":2},"end":{"line":23,"column":46}},"13":{"start":{"line":24,"column":2},"end":{"line":27,"column":3}},"14":{"start":{"line":26,"column":3},"end":{"line":26,"column":15}},"15":{"start":{"line":28,"column":2},"end":{"line":28,"column":15}},"16":{"start":{"line":32,"column":0},"end":{"line":39,"column":1}},"17":{"start":{"line":34,"column":4},"end":{"line":37,"column":6}},"18":{"start":{"line":41,"column":0},"end":{"line":54,"column":1}},"19":{"start":{"line":44,"column":4},"end":{"line":46,"column":5}},"20":{"start":{"line":45,"column":6},"end":{"line":45,"column":42}},"21":{"start":{"line":48,"column":4},"end":{"line":50,"column":5}},"22":{"start":{"line":49,"column":6},"end":{"line":49,"column":63}},"23":{"start":{"line":52,"column":4},"end":{"line":52,"column":24}},"24":{"start":{"line":56,"column":0},"end":{"line":65,"column":1}},"25":{"start":{"line":58,"column":1},"end":{"line":58,"column":49}},"26":{"start":{"line":59,"column":1},"end":{"line":59,"column":31}},"27":{"start":{"line":60,"column":1},"end":{"line":63,"column":2}},"28":{"start":{"line":62,"column":2},"end":{"line":62,"column":14}},"29":{"start":{"line":64,"column":1},"end":{"line":64,"column":14}},"30":{"start":{"line":67,"column":0},"end":{"line":67,"column":28}},"31":{"start":{"line":68,"column":0},"end":{"line":68,"column":30}},"32":{"start":{"line":69,"column":0},"end":{"line":69,"column":24}},"33":{"start":{"line":70,"column":0},"end":{"line":70,"column":18}},"34":{"start":{"line":71,"column":0},"end":{"line":71,"column":42}}},"branchMap":{"1":{"line":4,"type":"if","locations":[{"start":{"line":4,"column":3},"end":{"line":4,"column":3}},{"start":{"line":4,"column":3},"end":{"line":4,"column":3}}]},"2":{"line":6,"type":"if","locations":[{"start":{"line":6,"column":3},"end":{"line":6,"column":3}},{"start":{"line":6,"column":3},"end":{"line":6,"column":3}}]},"3":{"line":17,"type":"if","locations":[{"start":{"line":17,"column":1},"end":{"line":17,"column":1}},{"start":{"line":17,"column":1},"end":{"line":17,"column":1}}]},"4":{"line":21,"type":"if","locations":[{"start":{"line":21,"column":3},"end":{"line":21,"column":3}},{"start":{"line":21,"column":3},"end":{"line":21,"column":3}}]},"5":{"line":24,"type":"if","locations":[{"start":{"line":24,"column":2},"end":{"line":24,"column":2}},{"start":{"line":24,"column":2},"end":{"line":24,"column":2}}]},"6":{"line":44,"type":"if","locations":[{"start":{"line":44,"column":4},"end":{"line":44,"column":4}},{"start":{"line":44,"column":4},"end":{"line":44,"column":4}}]},"7":{"line":44,"type":"binary-expr","locations":[{"start":{"line":44,"column":8},"end":{"line":44,"column":16}},{"start":{"line":44,"column":20},"end":{"line":44,"column":38}}]},"8":{"line":60,"type":"if","locations":[{"start":{"line":60,"column":1},"end":{"line":60,"column":1}},{"start":{"line":60,"column":1},"end":{"line":60,"column":1}}]}}}}