TN:
SF:/home/fred/Dropbox/Courses/CSC591/TestGeneration/test.js
FNF:0
FNH:0
DA:1,1
DA:2,1
DA:3,1
DA:4,1
DA:5,1
DA:6,1
DA:7,1
DA:8,1
DA:9,1
DA:10,1
DA:11,1
DA:12,1
DA:13,1
DA:14,1
DA:15,1
DA:16,1
DA:17,1
DA:18,1
DA:19,1
DA:20,1
DA:21,1
DA:22,1
DA:23,1
DA:24,1
DA:25,1
DA:26,1
DA:27,1
DA:28,1
DA:29,1
DA:30,1
DA:31,1
DA:32,1
DA:33,1
DA:34,1
DA:35,1
DA:36,1
DA:37,1
DA:38,1
DA:39,1
DA:40,1
DA:41,1
DA:42,1
DA:43,1
DA:44,1
DA:45,1
DA:46,1
DA:47,1
DA:48,1
DA:49,1
DA:50,1
DA:51,1
DA:52,1
DA:53,1
DA:54,1
DA:55,1
DA:56,1
DA:57,1
DA:58,1
LF:58
LH:58
BRF:0
BRH:0
end_of_record
TN:
SF:/home/fred/Dropbox/Courses/CSC591/TestGeneration/subject.js
FN:3,inc
FN:15,fileTest
FN:32,normalize
FN:41,format
FN:56,blackListNumber
FNF:5
FNH:5
FNDA:2,inc
FNDA:16,fileTest
FNDA:5,normalize
FNDA:4,format
FNDA:2,blackListNumber
DA:1,1
DA:3,1
DA:4,2
DA:6,2
DA:8,1
DA:11,2
DA:15,1
DA:17,16
DA:18,6
DA:21,10
DA:23,8
DA:24,8
DA:26,4
DA:28,4
DA:32,1
DA:34,5
DA:41,1
DA:44,4
DA:45,3
DA:48,4
DA:49,20
DA:52,4
DA:56,1
DA:58,2
DA:59,2
DA:60,2
DA:62,1
DA:64,1
DA:67,1
DA:68,1
DA:69,1
DA:70,1
DA:71,1
LF:33
LH:33
BRDA:4,1,0,1
BRDA:4,1,1,1
BRDA:6,2,0,1
BRDA:6,2,1,1
BRDA:17,3,0,6
BRDA:17,3,1,10
BRDA:21,4,0,8
BRDA:21,4,1,2
BRDA:24,5,0,4
BRDA:24,5,1,4
BRDA:44,6,0,3
BRDA:44,6,1,1
BRDA:44,7,0,4
BRDA:44,7,1,2
BRDA:60,8,0,1
BRDA:60,8,1,1
BRF:16
BRH:16
end_of_record
